miet_dw_x2p_DW_axi_x2p_cc_constants.vh
miet_dw_x2p_DW_axi_x2p_bcm_params.vh
miet_dw_x2p_DW_axi_x2p_all_includes.vh
miet_dw_x2p_DW_axi_x2p_arb.v
miet_dw_x2p_DW_axi_x2p_bcm06.v
miet_dw_x2p_DW_axi_x2p_bcm57.v
miet_dw_x2p_DW_axi_x2p_mux.v
miet_dw_x2p_DW_axi_x2p_endian_wstrb.v
miet_dw_x2p_DW_axi_x2p_cmd_queue.v
miet_dw_x2p_DW_axi_x2p_dcdr.v
miet_dw_x2p_DW_axi_x2p_first_last_strobe.v
miet_dw_x2p_DW_axi_x2p_p.v
miet_dw_x2p_DW_axi_x2p_read_data_buffer.v
miet_dw_x2p_DW_axi_x2p_resp_buffer.v
miet_dw_x2p_DW_axi_x2p_s_addr_dcd.v
miet_dw_x2p_DW_axi_x2p_s_control.v
miet_dw_x2p_DW_axi_x2p_s_packer.v
miet_dw_x2p_DW_axi_x2p_s_response.v
miet_dw_x2p_DW_axi_x2p_s_unpack.v
miet_dw_x2p_DW_axi_x2p_s.v
miet_dw_x2p_DW_axi_x2p_write_data_buffer.v
miet_dw_x2p_DW_axi_x2p.v
miet_dw_x2p_DW_axi_x2p-undef.v

